/n/home03/mfli/.conda/envs/sedd/lib/python3.9/site-packages/norns/cfg.py:9: UserWarning: pkg_resources is deprecated as an API. See https://setuptools.pypa.io/en/latest/pkg_resources.html. The pkg_resources package is slated for removal as early as 2025-11-30. Refrain from using this package or pin to Setuptools<81.
  import pkg_resources
/n/holylabs/sitanc_lab/Users/mfli/soc-curriculum/DRAKES/drakes_dna/finetune_reward_bp.py:198: UserWarning: 
The version_base parameter is not specified.
Please specify a compatability version level, or None.
Will assume defaults for version 1.1
  initialize(config_path="configs_gosai", job_name="load_model")
wandb: Currently logged in as: marvinli (marvinli-harvard-university) to https://api.wandb.ai. Use `wandb login --relogin` to force relogin
wandb: Tracking run with wandb version 0.21.0
wandb: Run data is saved locally in /n/holylabs/LABS/sitanc_lab/Users/mfli/soc-curriculum/DRAKES/data_and_model/mdlm/reward_bp_results_final/alpha0.001_accum4_bsz32_truncate50_temp1.0_clip1.0_sweep_temp0.5_noise0.1_step50_20250802_235303_20250802_235331/wandb/run-20250802_235331-12sw7e3d
wandb: Run `wandb offline` to turn off syncing.
wandb: Syncing run alpha0.001_accum4_bsz32_truncate50_temp1.0_clip1.0_sweep_temp0.5_noise0.1_step50_20250802_235303_20250802_235331
wandb: â­ï¸ View project at https://wandb.ai/marvinli-harvard-university/reward_bp_final
wandb: ðŸš€ View run at https://wandb.ai/marvinli-harvard-university/reward_bp_final/runs/12sw7e3d
wandb: WARNING Calling wandb.login() after wandb.init() has no effect.
wandb: Downloading large artifact human_state_dict:latest, 939.29MB. 1 files... 
wandb:   1 of 1 files downloaded.  
Done. 0:0:21.7 (43.2MB/s)
wandb: WARNING Calling wandb.login() after wandb.init() has no effect.
wandb: Downloading large artifact human_state_dict:latest, 939.29MB. 1 files... 
wandb:   1 of 1 files downloaded.  
Done. 0:0:0.7 (1289.0MB/s)
wandb:                                                                                
wandb: 
wandb: Run history:
wandb:            epoch â–â–â–â–â–‚â–‚â–‚â–‚â–‚â–‚â–‚â–‚â–‚â–ƒâ–ƒâ–ƒâ–ƒâ–ƒâ–„â–„â–„â–„â–…â–…â–…â–†â–†â–†â–†â–†â–‡â–‡â–‡â–‡â–‡â–‡â–‡â–ˆâ–ˆâ–ˆ
wandb:     inverse_temp â–â–â–‚â–‚â–‚â–ƒâ–ƒâ–„â–„â–„â–…â–…â–†â–†â–‡â–‡â–‡â–‡â–‡â–ˆâ–ˆâ–ˆâ–ˆâ–ˆâ–ˆâ–ˆâ–ˆâ–ˆâ–ˆâ–ˆâ–ˆâ–ˆâ–ˆâ–ˆâ–ˆâ–ˆâ–ˆâ–ˆâ–ˆâ–ˆ
wandb:     mean kl loss â–â–…â–…â–…â–„â–†â–†â–†â–†â–†â–‡â–‡â–‡â–‡â–‡â–‡â–‡â–†â–‡â–‡â–‡â–ˆâ–‡â–‡â–‡â–‡â–†â–‡â–†â–†â–†â–…â–ˆâ–†â–†â–†â–‡â–‡â–†â–†
wandb: mean reward loss â–ˆâ–ƒâ–ƒâ–ƒâ–„â–ƒâ–‚â–ƒâ–ƒâ–‚â–‚â–‚â–‚â–‚â–‚â–‚â–‚â–‚â–â–‚â–‚â–‚â–â–‚â–‚â–â–â–â–‚â–â–â–‚â–â–â–â–â–â–â–â–‚
wandb:   mean_grad_norm â–â–â–‚â–‚â–‚â–‚â–â–‚â–‚â–â–‚â–â–â–ƒâ–‚â–‚â–‚â–‚â–â–‚â–ƒâ–ƒâ–‚â–‚â–â–‚â–‚â–‚â–‚â–‚â–ƒâ–‚â–‚â–ƒâ–‚â–ƒâ–ˆâ–‚â–‚â–‚
wandb:        mean_loss â–ˆâ–ˆâ–…â–„â–ƒâ–ƒâ–ƒâ–ƒâ–ƒâ–ƒâ–ƒâ–‚â–‚â–‚â–ƒâ–‚â–‚â–ƒâ–‚â–‚â–‚â–‚â–‚â–‚â–‚â–‚â–‚â–â–‚â–â–â–â–â–‚â–â–â–â–â–â–
wandb:      mean_reward â–â–…â–…â–…â–†â–†â–‡â–†â–†â–‡â–†â–‡â–†â–‡â–‡â–‡â–‡â–†â–‡â–‡â–†â–‡â–‡â–‡â–‡â–‡â–‡â–‡â–‡â–‡â–‡â–ˆâ–‡â–‡â–‡â–‡â–ˆâ–ˆâ–‡â–ˆ
wandb: mean_reward_eval â–â–â–â–‚â–â–†â–†â–†â–†â–‡â–‡â–†â–†â–†â–†â–†â–‡â–‡â–‡â–‡â–‡â–‡â–‡â–‡â–‡â–†â–‡â–ˆâ–ˆâ–ˆâ–‡â–‡â–‡â–‡â–ˆâ–ˆâ–‡â–ˆâ–‡â–‡
wandb:   multiply_noise â–‚â–‚â–‚â–ƒâ–ƒâ–„â–„â–„â–„â–„â–…â–…â–…â–…â–…â–†â–†â–†â–†â–‡â–‡â–‡â–‡â–‡â–‡â–ˆâ–â–â–â–â–â–â–â–â–â–â–â–â–â–
wandb: 
wandb: Run summary:
wandb:            epoch 999
wandb:     inverse_temp 1
wandb:     mean kl loss 480.60193
wandb: mean reward loss -6.17957
wandb:   mean_grad_norm 11.49968
wandb:        mean_loss -5.69897
wandb:      mean_reward 6.17957
wandb: mean_reward_eval 5.24115
wandb:   multiply_noise 0
wandb: 
wandb: ðŸš€ View run alpha0.001_accum4_bsz32_truncate50_temp1.0_clip1.0_sweep_temp0.5_noise0.1_step50_20250802_235303_20250802_235331 at: https://wandb.ai/marvinli-harvard-university/reward_bp_final/runs/12sw7e3d
wandb: â­ï¸ View project at: https://wandb.ai/marvinli-harvard-university/reward_bp_final
wandb: Synced 5 W&B file(s), 0 media file(s), 0 artifact file(s) and 0 other file(s)
wandb: Find logs at: /n/holylabs/LABS/sitanc_lab/Users/mfli/soc-curriculum/DRAKES/data_and_model/mdlm/reward_bp_results_final/alpha0.001_accum4_bsz32_truncate50_temp1.0_clip1.0_sweep_temp0.5_noise0.1_step50_20250802_235303_20250802_235331/wandb/run-20250802_235331-12sw7e3d/logs
